[+] Get news start
[+] News_idx :  1   Start
[+] News_idx :  2   Start
[+] News_idx :  3   Start
[+] News_idx :  4   Start
[+] News_idx :  5   Start
[+] News_idx :  6   Start
[+] News_idx :  7   Start
[+] News_idx :  8   Start
[+] News_idx :  9   Start
[+] News_idx :  10   Start
[+] News_idx :  11   Start
[+] News_idx :  12   Start
[+] News_idx :  13   Start
[+] News_idx :  14   Start
[+] News_idx :  15   Start
[+] News_idx :  16   Start
[+] News_idx :  17   Start
[+] News_idx :  18   Start
[+] News_idx :  19   Start
[+] News_idx :  20   Start
2019-10-25 15:02:01.872591  day complete
/usr/local/lib/python3.6/dist-packages/sklearn/base.py:306: UserWarning: Trying to unpickle estimator LogisticRegression from version 0.20.3 when using version 0.21.3. This might lead to breaking code or invalid results. Use at your own risk.
  UserWarning)
[+] Get news start
[+] News_idx :  1   Start
[+] News_idx :  2   Start
[+] News_idx :  3   Start
[+] News_idx :  4   Start
[+] News_idx :  5   Start
[+] News_idx :  6   Start
[+] News_idx :  7   Start
[+] News_idx :  8   Start
[+] News_idx :  9   Start
[+] News_idx :  10   Start
[+] News_idx :  11   Start
[+] News_idx :  12   Start
[+] News_idx :  13   Start
[+] News_idx :  14   Start
[+] News_idx :  15   Start
[+] News_idx :  16   Start
[+] News_idx :  17   Start
[+] News_idx :  18   Start
[+] News_idx :  19   Start
[+] News_idx :  20   Start
2019-10-26 15:02:02.661781  day complete
/usr/local/lib/python3.6/dist-packages/sklearn/base.py:306: UserWarning: Trying to unpickle estimator LogisticRegression from version 0.20.3 when using version 0.21.3. This might lead to breaking code or invalid results. Use at your own risk.
  UserWarning)
[+] Get news start
[+] News_idx :  1   Start
[+] News_idx :  2   Start
[+] News_idx :  3   Start
[+] News_idx :  4   Start
[+] News_idx :  5   Start
[+] News_idx :  6   Start
[+] News_idx :  7   Start
[+] News_idx :  8   Start
[+] News_idx :  9   Start
[+] News_idx :  10   Start
[+] News_idx :  11   Start
[+] News_idx :  12   Start
[+] News_idx :  13   Start
[+] News_idx :  14   Start
[+] News_idx :  15   Start
[+] News_idx :  16   Start
[+] News_idx :  17   Start
[+] News_idx :  18   Start
[+] News_idx :  19   Start
[+] News_idx :  20   Start
2019-10-27 15:02:02.329327  day complete
